<!DOCTYPE html PUBLIC "-//W3C//DTD XHTML 1.1//EN" "http://www.w3.org/TR/xhtml11/DTD/xhtml11.dtd">
<html xmlns="http://www.w3.org/1999/xhtml">
<head>
<meta http-equiv="content-type" content="text/html; charset=UTF-8"/>
<title>TestNG Report</title>
<style type="text/css">table {margin-bottom:10px;border-collapse:collapse;empty-cells:show}th,td {border:1px solid #009;padding:.25em .5em}th {vertical-align:bottom}td {vertical-align:top}table a {font-weight:bold}.stripe td {background-color: #E6EBF9}.num {text-align:right}.passedodd td {background-color: #3F3}.passedeven td {background-color: #0A0}.skippedodd td {background-color: #DDD}.skippedeven td {background-color: #CCC}.failedodd td,.attn {background-color: #F33}.failedeven td,.stripe .attn {background-color: #D00}.stacktrace {white-space:pre;font-family:monospace}.totop {font-size:85%;text-align:center;border-bottom:2px solid #000}.invisible {display:none}</style>
</head>
<body>
<table>
<tr><th>Test</th><th># Passed</th><th># Skipped</th><th># Failed</th><th>Time (ms)</th><th>Included Groups</th><th>Excluded Groups</th></tr>
<tr><th colspan="7">Command line suite</th></tr>
<tr><td><a href="#t0">Command line test</a></td><td class="num">8</td><td class="num attn">1</td><td class="num attn">3</td><td class="num">37,264</td><td></td><td></td></tr>
</table>
<table id='summary'><thead><tr><th>Class</th><th>Method</th><th>Start</th><th>Time (ms)</th></tr></thead><tbody><tr><th colspan="4">Command line suite</th></tr></tbody><tbody id="t0"><tr><th colspan="4">Command line test &#8212; failed (configuration methods)</th></tr><tr class="failedeven"><td rowspan="1">code4life.tests.TestElements</td><td><a href="#m0">teardown</a></td><td rowspan="1">1667270456621</td><td rowspan="1">181</td></tr><tr class="failedodd"><td rowspan="1">code4life.tests.TestLogin</td><td><a href="#m1">teardown</a></td><td rowspan="1">1667270421109</td><td rowspan="1">259</td></tr><tr class="failedeven"><td rowspan="1">code4life.tests.TestPasswordLabel</td><td><a href="#m2">teardown</a></td><td rowspan="1">1667270450185</td><td rowspan="1">245</td></tr><tr><th colspan="4">Command line test &#8212; failed</th></tr><tr class="failedeven"><td rowspan="1">code4life.tests.TestElements</td><td><a href="#m3">testTextBoxLabels</a></td><td rowspan="1">1667270455581</td><td rowspan="1">1037</td></tr><tr class="failedodd"><td rowspan="1">code4life.tests.TestLogin</td><td><a href="#m4">testLoginFunctionality</a></td><td rowspan="1">1667270421102</td><td rowspan="1">1</td></tr><tr class="failedeven"><td rowspan="1">code4life.tests.TestPasswordLabel</td><td><a href="#m5">verifyPasswordLabel</a></td><td rowspan="1">1667270450183</td><td rowspan="1">1</td></tr><tr><th colspan="4">Command line test &#8212; skipped (configuration methods)</th></tr><tr class="skippedeven"><td rowspan="1">code4life.tests.TestElements</td><td><a href="#m6">setup</a></td><td rowspan="1">1667270456809</td><td rowspan="1">0</td></tr><tr><th colspan="4">Command line test &#8212; skipped</th></tr><tr class="skippedeven"><td rowspan="1">code4life.tests.TestElements</td><td><a href="#m7">verifyTextInputs</a></td><td rowspan="1">1667270456818</td><td rowspan="1">0</td></tr><tr><th colspan="4">Command line test &#8212; passed</th></tr><tr class="passedeven"><td rowspan="3">code4life.tests.FirstTestCase</td><td><a href="#m8">login</a></td><td rowspan="1">1667270445356</td><td rowspan="1">1</td></tr><tr class="passedeven"><td><a href="#m9">setup</a></td><td rowspan="1">1667270445357</td><td rowspan="1">0</td></tr><tr class="passedeven"><td><a href="#m10">teardown</a></td><td rowspan="1">1667270445357</td><td rowspan="1">1</td></tr><tr class="passedodd"><td rowspan="1">code4life.tests.ProductTest</td><td><a href="#m11">verifyCarFunctionality</a></td><td rowspan="1">1667270440265</td><td rowspan="1">4997</td></tr><tr class="passedeven"><td rowspan="1">code4life.tests.TabTest</td><td><a href="#m12">TestTabMenu</a></td><td rowspan="1">1667270424497</td><td rowspan="1">13183</td></tr><tr class="passedodd"><td rowspan="1">code4life.tests.TestCredError</td><td><a href="#m13">testLoginErrorText</a></td><td rowspan="1">1667270452675</td><td rowspan="1">2425</td></tr><tr class="passedeven"><td rowspan="1">code4life.tests.TestTitle</td><td><a href="#m14">verifyTitle</a></td><td rowspan="1">1667270447779</td><td rowspan="1">59</td></tr><tr class="passedodd"><td rowspan="1">code4life.tests.TestUserNameLabel</td><td><a href="#m15">verifyUserNameList</a></td><td rowspan="1">1667270421837</td><td rowspan="1">188</td></tr></tbody>
</table>
<h2>Command line test</h2><h3 id="m0">code4life.tests.TestElements#teardown</h3><table class="result"><tr class="param"><th>Parameter #1</th></tr><tr class="param stripe"><td>[TestResult name=testTextBoxLabels status=FAILURE method=TestElements.testTextBoxLabels()[pri:1, instance:code4life.tests.TestElements@5b202a3a] output={null}]</td></tr><tr><th>Exception</th></tr><tr><td><div class="stacktrace">java.lang.NullPointerException
	at code4life.base.TestBase.teardown(TestBase.java:67)
... Removed 38 stack frames</div></td></tr></table><p class="totop"><a href="#summary">back to summary</a></p>
<h3 id="m1">code4life.tests.TestLogin#teardown</h3><table class="result"><tr class="param"><th>Parameter #1</th></tr><tr class="param stripe"><td>[TestResult name=testLoginFunctionality status=FAILURE method=TestLogin.testLoginFunctionality()[pri:0, instance:code4life.tests.TestLogin@10b9db7b] output={null}]</td></tr><tr><th>Exception</th></tr><tr><td><div class="stacktrace">java.lang.NullPointerException
	at code4life.base.TestBase.teardown(TestBase.java:67)
... Removed 38 stack frames</div></td></tr></table><p class="totop"><a href="#summary">back to summary</a></p>
<h3 id="m2">code4life.tests.TestPasswordLabel#teardown</h3><table class="result"><tr class="param"><th>Parameter #1</th></tr><tr class="param stripe"><td>[TestResult name=verifyPasswordLabel status=FAILURE method=TestPasswordLabel.verifyPasswordLabel()[pri:0, instance:code4life.tests.TestPasswordLabel@1ecee32c] output={null}]</td></tr><tr><th>Exception</th></tr><tr><td><div class="stacktrace">java.lang.NullPointerException
	at code4life.base.TestBase.teardown(TestBase.java:67)
... Removed 38 stack frames</div></td></tr></table><p class="totop"><a href="#summary">back to summary</a></p>
<h3 id="m3">code4life.tests.TestElements#testTextBoxLabels</h3><table class="result"><tr><th>Exception</th></tr><tr><td><div class="stacktrace">org.openqa.selenium.NoSuchSessionException: Session ID is null. Using WebDriver after calling quit()?
Build info: version: &apos;3.141.59&apos;, revision: &apos;e82be7d358&apos;, time: &apos;2018-11-14T08:17:03&apos;
System info: host: &apos;code4lifes-MacBook-Pro.local&apos;, ip: &apos;2601:140:8a00:2f00:c9ab:9a0e:a68d:ebdb%en0&apos;, os.name: &apos;Mac OS X&apos;, os.arch: &apos;x86_64&apos;, os.version: &apos;12.3&apos;, java.version: &apos;1.8.0_341&apos;
Driver info: driver.version: RemoteWebDriver
	at org.openqa.selenium.remote.HttpCommandExecutor.execute(HttpCommandExecutor.java:125)
	at org.openqa.selenium.remote.service.DriverCommandExecutor.execute(DriverCommandExecutor.java:83)
	at org.openqa.selenium.remote.RemoteWebDriver.execute(RemoteWebDriver.java:552)
	at org.openqa.selenium.remote.RemoteWebDriver.findElement(RemoteWebDriver.java:323)
	at org.openqa.selenium.remote.RemoteWebDriver.findElementByXPath(RemoteWebDriver.java:428)
	at org.openqa.selenium.By$ByXPath.findElement(By.java:353)
	at org.openqa.selenium.remote.RemoteWebDriver.findElement(RemoteWebDriver.java:315)
	at org.openqa.selenium.support.ui.ExpectedConditions$7.apply(ExpectedConditions.java:205)
	at org.openqa.selenium.support.ui.ExpectedConditions$7.apply(ExpectedConditions.java:201)
	at org.openqa.selenium.support.ui.ExpectedConditions$22.apply(ExpectedConditions.java:641)
	at org.openqa.selenium.support.ui.ExpectedConditions$22.apply(ExpectedConditions.java:638)
	at org.openqa.selenium.support.ui.FluentWait.until(FluentWait.java:249)
	at code4life.pages.ElementsPage.clickElements(ElementsPage.java:58)
	at code4life.tests.TestElements.testTextBoxLabels(TestElements.java:23)
... Removed 35 stack frames</div></td></tr></table><p class="totop"><a href="#summary">back to summary</a></p>
<h3 id="m4">code4life.tests.TestLogin#testLoginFunctionality</h3><table class="result"><tr><th>Exception</th></tr><tr><td><div class="stacktrace">java.lang.NullPointerException
	at code4life.tests.TestLogin.testLoginFunctionality(TestLogin.java:19)
... Removed 35 stack frames</div></td></tr></table><p class="totop"><a href="#summary">back to summary</a></p>
<h3 id="m5">code4life.tests.TestPasswordLabel#verifyPasswordLabel</h3><table class="result"><tr><th>Exception</th></tr><tr><td><div class="stacktrace">java.lang.NullPointerException
	at code4life.tests.TestPasswordLabel.verifyPasswordLabel(TestPasswordLabel.java:15)
... Removed 35 stack frames</div></td></tr></table><p class="totop"><a href="#summary">back to summary</a></p>
<h3 id="m6">code4life.tests.TestElements#setup</h3><table class="result"><tr><th class="invisible"/></tr></table><p class="totop"><a href="#summary">back to summary</a></p>
<h3 id="m7">code4life.tests.TestElements#verifyTextInputs</h3><table class="result"><tr><th>Exception</th></tr><tr><td><div class="stacktrace">java.lang.NullPointerException
	at code4life.base.TestBase.teardown(TestBase.java:67)
... Removed 38 stack frames</div></td></tr></table><p class="totop"><a href="#summary">back to summary</a></p>
<h3 id="m8">code4life.tests.FirstTestCase#login</h3><table class="result"><tr><th class="invisible"/></tr></table><p class="totop"><a href="#summary">back to summary</a></p>
<h3 id="m9">code4life.tests.FirstTestCase#setup</h3><table class="result"><tr><th class="invisible"/></tr></table><p class="totop"><a href="#summary">back to summary</a></p>
<h3 id="m10">code4life.tests.FirstTestCase#teardown</h3><table class="result"><tr><th class="invisible"/></tr></table><p class="totop"><a href="#summary">back to summary</a></p>
<h3 id="m11">code4life.tests.ProductTest#verifyCarFunctionality</h3><table class="result"><tr><th class="invisible"/></tr></table><p class="totop"><a href="#summary">back to summary</a></p>
<h3 id="m12">code4life.tests.TabTest#TestTabMenu</h3><table class="result"><tr><th class="invisible"/></tr></table><p class="totop"><a href="#summary">back to summary</a></p>
<h3 id="m13">code4life.tests.TestCredError#testLoginErrorText</h3><table class="result"><tr><th class="invisible"/></tr></table><p class="totop"><a href="#summary">back to summary</a></p>
<h3 id="m14">code4life.tests.TestTitle#verifyTitle</h3><table class="result"><tr><th class="invisible"/></tr></table><p class="totop"><a href="#summary">back to summary</a></p>
<h3 id="m15">code4life.tests.TestUserNameLabel#verifyUserNameList</h3><table class="result"><tr><th class="invisible"/></tr></table><p class="totop"><a href="#summary">back to summary</a></p>
</body>
</html>
